<?xml version="1.0" encoding="UTF-8"?>
<!-- Generated by org.testng.reporters.JUnitReportReporter -->
<testsuite skipped="0" hostname="cpm10155" name="tests.BaseClass" tests="1" failures="0" timestamp="24 Jul 2019 22:21:58 GMT" time="0.000" errors="0">
  <testcase name="sampleTest" time="0.000" classname="tests.BaseClass"/>
</testsuite> <!-- tests.BaseClass -->
