<?xml version="1.0" encoding="UTF-8"?>
<!-- Generated by org.testng.reporters.JUnitReportReporter -->
<testsuite skipped="0" hostname="cpm10155.local" name="tests.EcommerceTC1" tests="2" failures="0" timestamp="06 Nov 2019 11:34:52 GMT" time="15.199" errors="0">
  <testcase name="testWithMultipleDataSet" time="8.932" classname="tests.EcommerceTC1"/>
  <testcase name="testWithMultipleDataSet" time="6.267" classname="tests.EcommerceTC1"/>
</testsuite> <!-- tests.EcommerceTC1 -->
